pos: (0.00, 0.08), vel: (0.00, 10.24)
pos: (0.00, 0.44), vel: (0.00, 23.68)
pos: (0.00, 0.77), vel: (0.00, 31.36)
pos: (0.00, 1.27), vel: (0.00, 40.32)
pos: (0.00, 1.95), vel: (0.00, 49.92)
pos: (0.00, 3.20), vel: (0.00, 64.00)
pos: (0.00, 3.80), vel: (0.00, 69.76)
pos: (0.00, 5.41), vel: (0.00, 83.20)
pos: (0.00, 6.54), vel: (0.00, 91.52)
pos: (0.00, 8.50), vel: (0.00, 104.32)
pos: (0.00, 9.69), vel: (0.00, 111.36)
pos: (0.00, 12.17), vel: (0.00, 124.80)
pos: (0.00, 13.45), vel: (0.00, 131.20)
pos: (0.00, 15.63), vel: (0.00, 141.44)
pos: (0.00, 17.82), vel: (0.00, 151.04)
pos: (0.00, 19.84), vel: (0.00, 159.36)
pos: (0.00, 22.64), vel: (0.00, 170.24)
pos: (0.00, 25.63), vel: (0.00, 181.12)
pos: (0.00, 28.99), vel: (0.00, 192.64)
pos: (0.00, 31.15), vel: (0.00, 199.68)
pos: (0.00, 35.27), vel: (0.00, 212.48)
pos: (0.00, 40.10), vel: (0.00, 226.56)
pos: (0.00, 42.63), vel: (0.00, 233.60)
pos: (0.00, 45.97), vel: (0.00, 242.56)
pos: (0.00, 49.93), vel: (0.00, 252.80)
pos: (0.00, 54.85), vel: (0.00, 264.96)
pos: (0.00, 58.89), vel: (0.00, 274.56)
pos: (0.00, 62.80), vel: (0.00, 283.52)
pos: (0.00, 66.54), vel: (0.00, 291.84)
pos: (0.00, 70.39), vel: (0.00, 300.16)
pos: (0.00, 75.27), vel: (0.00, 310.40)
pos: (0.00, 80.00), vel: (0.00, 320.00)
pos: (0.00, 85.53), vel: (0.00, 330.88)
pos: (0.00, 92.62), vel: (0.00, 344.32)
pos: (0.00, 96.45), vel: (0.00, 351.36)
pos: (0.00, 101.79), vel: (0.00, 360.96)
pos: (0.00, 106.91), vel: (0.00, 369.92)
pos: (0.00, 115.20), vel: (0.00, 384.00)
pos: (0.00, 119.46), vel: (0.00, 391.04)
pos: (0.00, 127.82), vel: (0.00, 404.48)
pos: (0.00, 133.54), vel: (0.00, 413.44)
pos: (0.00, 137.29), vel: (0.00, 419.20)
pos: (0.00, 144.94), vel: (0.00, 430.72)
pos: (0.00, 154.57), vel: (0.00, 444.80)
pos: (0.00, 159.05), vel: (0.00, 451.20)
pos: (0.00, 166.81), vel: (0.00, 462.08)
pos: (0.00, 173.81), vel: (0.00, 471.68)
pos: (0.00, 180.48), vel: (0.00, 480.64)
pos: (0.00, 187.76), vel: (0.00, 490.24)
pos: (0.00, 198.70), vel: (0.00, 504.32)
pos: (0.00, 204.80), vel: (0.00, 512.00)
pos: (0.00, 215.69), vel: (0.00, 525.44)
pos: (0.00, 222.58), vel: (0.00, 533.76)
pos: (0.00, 229.57), vel: (0.00, 542.08)
pos: (0.00, 237.22), vel: (0.00, 551.04)
pos: (0.00, 246.12), vel: (0.00, 561.28)
pos: (0.00, 254.04), vel: (0.00, 570.24)
pos: (0.00, 266.16), vel: (0.00, 583.68)
pos: (0.00, 273.80), vel: (0.00, 592.00)
pos: (0.00, 282.15), vel: (0.00, 600.96)
pos: (0.00, 290.63), vel: (0.00, 609.92)
pos: (0.00, 299.85), vel: (0.00, 619.52)
pos: (0.00, 311.73), vel: (0.00, 631.68)
pos: (0.00, 320.00), vel: (0.00, 640.00)
pos: (0.00, 330.97), vel: (0.00, 650.88)
pos: (0.00, 339.49), vel: (0.00, 659.20)
pos: (0.00, 351.46), vel: (0.00, 670.72)
pos: (0.00, 365.68), vel: (0.00, 684.16)
pos: (0.00, 373.25), vel: (0.00, 691.20)
pos: (0.00, 387.20), vel: (0.00, 704.00)
pos: (0.00, 392.85), vel: (0.00, 709.12)
pos: (0.00, 405.00), vel: (0.00, 720.00)
pos: (0.00, 418.06), vel: (0.00, 731.52)
pos: (0.00, 433.57), vel: (0.00, 744.96)
pos: (0.00, 441.80), vel: (0.00, 752.00)
pos: (0.00, 457.73), vel: (0.00, 765.44)
pos: (0.00, 465.42), vel: (0.00, 771.84)
pos: (0.00, 477.07), vel: (0.00, 781.44)
pos: (0.00, 488.86), vel: (0.00, 791.04)
pos: (0.00, 500.80), vel: (0.00, 800.64)
pos: (0.00, 515.32), vel: (0.00, 812.16)
pos: (0.00, 524.29), vel: (0.00, 819.20)
pos: (0.00, 539.97), vel: (0.00, 831.36)
pos: (0.00, 550.83), vel: (0.00, 839.68)
pos: (0.00, 563.50), vel: (0.00, 849.28)
pos: (0.00, 583.20), vel: (0.00, 864.00)
pos: (0.00, 592.74), vel: (0.00, 871.04)
pos: (0.00, 605.00), vel: (0.00, 880.00)
Crashed into a wall Crashed Y pos: (0.00, 608.00), vel: (0.00, 0.00)
Y locked
pos: (0.00, 608.00), vel: (0.00, 0.00)
Y locked
pos: (0.00, 608.00), vel: (0.00, 0.00)
Y locked
pos: (0.00, 608.00), vel: (0.00, 0.00)
Y locked
pos: (0.00, 608.00), vel: (0.00, 0.00)
Y locked
pos: (0.00, 608.00), vel: (0.00, 0.00)
Y locked
pos: (0.00, 608.00), vel: (0.00, 0.00)
Y locked
pos: (0.00, 608.00), vel: (0.00, 0.00)
Y locked
pos: (0.00, 608.00), vel: (0.00, 0.00)
Y locked
pos: (0.00, 608.00), vel: (0.00, 0.00)
Y locked
pos: (0.00, 608.00), vel: (0.00, 0.00)
Y locked
pos: (0.00, 608.00), vel: (0.00, 0.00)
Y locked
pos: (0.00, 608.00), vel: (0.00, 0.00)
Y locked
pos: (0.00, 608.00), vel: (0.00, 0.00)
Y locked
pos: (0.00, 608.00), vel: (0.00, 0.00)
Y locked
pos: (0.00, 608.00), vel: (0.00, 0.00)
Y locked
pos: (0.00, 608.00), vel: (0.00, 0.00)
Y locked
pos: (0.00, 608.00), vel: (0.00, 0.00)
Y locked
pos: (0.00, 600.50), vel: (0.00, -304.64)
pos: (0.00, 597.49), vel: (0.00, -298.24)
pos: (0.00, 594.54), vel: (0.00, -291.84)
pos: (0.00, 589.39), vel: (0.00, -280.32)
pos: (0.00, 584.72), vel: (0.00, -269.44)
pos: (0.00, 581.27), vel: (0.00, -261.12)
pos: (0.00, 577.17), vel: (0.00, -250.88)
pos: (0.00, 571.81), vel: (0.00, -236.80)
pos: (0.00, 568.78), vel: (0.00, -228.48)
pos: (0.00, 564.13), vel: (0.00, -215.04)
pos: (0.00, 562.22), vel: (0.00, -209.28)
pos: (0.00, 557.57), vel: (0.00, -194.56)
pos: (0.00, 555.85), vel: (0.00, -188.80)
pos: (0.00, 552.55), vel: (0.00, -177.28)
pos: (0.00, 550.47), vel: (0.00, -169.60)
pos: (0.00, 547.21), vel: (0.00, -156.80)
pos: (0.00, 545.37), vel: (0.00, -149.12)
pos: (0.00, 543.21), vel: (0.00, -139.52)
pos: (0.00, 541.19), vel: (0.00, -129.92)
pos: (0.00, 539.55), vel: (0.00, -121.60)
pos: (0.00, 537.25), vel: (0.00, -108.80)
pos: (0.00, 535.79), vel: (0.00, -99.84)
pos: (0.00, 534.27), vel: (0.00, -89.60)
pos: (0.00, 532.46), vel: (0.00, -75.52)
pos: (0.00, 531.87), vel: (0.00, -70.40)
pos: (0.00, 530.53), vel: (0.00, -56.96)
pos: (0.00, 530.05), vel: (0.00, -51.20)
pos: (0.00, 529.04), vel: (0.00, -36.48)
pos: (0.00, 528.71), vel: (0.00, -30.08)
pos: (0.00, 522.17), vel: (0.00, -337.92)
pos: (0.00, 518.16), vel: (0.00, -330.24)
pos: (0.00, 512.32), vel: (0.00, -318.72)
pos: (0.00, 508.54), vel: (0.00, -311.04)
pos: (0.00, 502.15), vel: (0.00, -297.60)
pos: (0.00, 498.63), vel: (0.00, -289.92)
pos: (0.00, 492.68), vel: (0.00, -276.48)
pos: (0.00, 489.95), vel: (0.00, -270.08)
pos: (0.00, 485.45), vel: (0.00, -259.20)
pos: (0.00, 482.13), vel: (0.00, -250.88)
pos: (0.00, 477.24), vel: (0.00, -238.08)
pos: (0.00, 474.20), vel: (0.00, -229.76)
pos: (0.00, 471.05), vel: (0.00, -220.80)
pos: (0.00, 467.60), vel: (0.00, -210.56)
pos: (0.00, 463.12), vel: (0.00, -196.48)
pos: (0.00, 461.38), vel: (0.00, -190.72)
pos: (0.00, 457.69), vel: (0.00, -177.92)
pos: (0.00, 455.77), vel: (0.00, -170.88)
pos: (0.00, 452.17), vel: (0.00, -156.80)
pos: (0.00, 450.48), vel: (0.00, -149.76)
pos: (0.00, 447.34), vel: (0.00, -135.68)
pos: (0.00, 446.15), vel: (0.00, -129.92)
pos: (0.00, 444.27), vel: (0.00, -120.32)
pos: (0.00, 442.32), vel: (0.00, -109.44)
pos: (0.00, 440.16), vel: (0.00, -96.00)
pos: (0.00, 439.05), vel: (0.00, -88.32)
pos: (0.00, 438.12), vel: (0.00, -81.28)
pos: (0.00, 436.76), vel: (0.00, -69.76)
pos: (0.00, 435.44), vel: (0.00, -56.32)
pos: (0.00, 435.01), vel: (0.00, -51.20)
pos: (0.00, 434.07), vel: (0.00, -37.76)
pos: (0.00, 433.67), vel: (0.00, -30.08)
pos: (0.00, 433.18), vel: (0.00, -16.64)
pos: (0.00, 433.01), vel: (0.00, -8.32)
pos: (0.00, 432.96), vel: (0.00, 1.28)
pos: (0.00, 433.06), vel: (0.00, 11.52)
pos: (0.00, 433.31), vel: (0.00, 21.12)
pos: (0.00, 433.70), vel: (0.00, 30.72)
pos: (0.00, 434.19), vel: (0.00, 39.68)
pos: (0.00, 434.81), vel: (0.00, 48.64)
pos: (0.00, 435.97), vel: (0.00, 62.08)
pos: (0.00, 436.69), vel: (0.00, 69.12)
pos: (0.00, 438.29), vel: (0.00, 82.56)
pos: (0.00, 439.23), vel: (0.00, 89.60)
pos: (0.00, 440.55), vel: (0.00, 98.56)
pos: (0.00, 442.43), vel: (0.00, 110.08)
pos: (0.00, 444.88), vel: (0.00, 123.52)
pos: (0.00, 446.15), vel: (0.00, 129.92)
pos: (0.00, 449.02), vel: (0.00, 143.36)
pos: (0.00, 450.33), vel: (0.00, 149.12)
pos: (0.00, 453.61), vel: (0.00, 162.56)
pos: (0.00, 455.60), vel: (0.00, 170.24)
pos: (0.00, 458.41), vel: (0.00, 180.48)
pos: (0.00, 460.81), vel: (0.00, 188.80)
pos: (0.00, 464.11), vel: (0.00, 199.68)
pos: (0.00, 467.60), vel: (0.00, 210.56)
pos: (0.00, 470.61), vel: (0.00, 219.52)
pos: (0.00, 474.43), vel: (0.00, 230.40)
pos: (0.00, 479.41), vel: (0.00, 243.84)
pos: (0.00, 482.38), vel: (0.00, 251.52)
pos: (0.00, 485.45), vel: (0.00, 259.20)
pos: (0.00, 489.41), vel: (0.00, 268.80)
pos: (0.00, 495.19), vel: (0.00, 282.24)
pos: (0.00, 498.63), vel: (0.00, 289.92)
pos: (0.00, 504.55), vel: (0.00, 302.72)
pos: (0.00, 508.54), vel: (0.00, 311.04)
pos: (0.00, 512.32), vel: (0.00, 318.72)
pos: (0.00, 517.83), vel: (0.00, 329.60)
pos: (0.00, 524.55), vel: (0.00, 342.40)
pos: (0.00, 528.71), vel: (0.00, 350.08)
pos: (0.00, 536.20), vel: (0.00, 363.52)
pos: (0.00, 539.87), vel: (0.00, 369.92)
pos: (0.00, 548.16), vel: (0.00, 384.00)
pos: (0.00, 552.81), vel: (0.00, 391.68)
pos: (0.00, 558.36), vel: (0.00, 400.64)
pos: (0.00, 564.03), vel: (0.00, 409.60)
pos: (0.00, 573.20), vel: (0.00, 423.68)
pos: (0.00, 577.04), vel: (0.00, 429.44)
pos: (0.00, 583.99), vel: (0.00, 439.68)
pos: (0.00, 591.11), vel: (0.00, 449.92)
pos: (0.00, 599.77), vel: (0.00, 462.08)
pos: (0.00, 604.42), vel: (0.00, 468.48)
Crashed into a wall Crashed Y pos: (0.00, 608.00), vel: (0.00, 0.00)
Y locked
pos: (0.00, 608.00), vel: (0.00, 0.00)
Y locked
pos: (0.00, 608.00), vel: (0.00, 0.00)
Y locked
pos: (0.00, 608.00), vel: (0.00, 0.00)
Y locked
pos: (0.00, 608.00), vel: (0.00, 0.00)
Y locked
pos: (0.00, 603.58), vel: (0.00, -311.04)
pos: (0.00, 599.59), vel: (0.00, -302.72)
pos: (0.00, 594.25), vel: (0.00, -291.20)
pos: (0.00, 591.37), vel: (0.00, -284.80)
pos: (0.00, 586.89), vel: (0.00, -274.56)
pos: (0.00, 581.53), vel: (0.00, -261.76)
pos: (0.00, 577.17), vel: (0.00, -250.88)
pos: (0.00, 574.45), vel: (0.00, -243.84)
pos: (0.00, 566.62), vel: (0.00, -554.88)
pos: (0.00, 555.65), vel: (0.00, -542.08)
pos: (0.00, 549.19), vel: (0.00, -534.40)
pos: (0.00, 538.11), vel: (0.00, -520.96)
pos: (0.00, 532.93), vel: (0.00, -514.56)
pos: (0.00, 522.27), vel: (0.00, -501.12)
pos: (0.00, 516.30), vel: (0.00, -493.44)
pos: (0.00, 507.04), vel: (0.00, -481.28)
pos: (0.00, 500.37), vel: (0.00, -472.32)
pos: (0.00, 491.05), vel: (0.00, -459.52)
pos: (0.00, 483.78), vel: (0.00, -449.28)
pos: (0.00, 477.55), vel: (0.00, -440.32)
pos: (0.00, 471.02), vel: (0.00, -430.72)
pos: (0.00, 464.63), vel: (0.00, -421.12)
pos: (0.00, 458.80), vel: (0.00, -412.16)
pos: (0.00, 453.90), vel: (0.00, -404.48)
pos: (0.00, 446.33), vel: (0.00, -392.32)
pos: (0.00, 440.90), vel: (0.00, -383.36)
pos: (0.00, 434.84), vel: (0.00, -373.12)
pos: (0.00, 426.79), vel: (0.00, -359.04)
pos: (0.00, 422.88), vel: (0.00, -352.00)
pos: (0.00, 416.31), vel: (0.00, -339.84)
pos: (0.00, 411.94), vel: (0.00, -331.52)
pos: (0.00, 405.44), vel: (0.00, -318.72)
pos: (0.00, 402.60), vel: (0.00, -312.96)
pos: (0.00, 397.98), vel: (0.00, -303.36)
pos: (0.00, 392.33), vel: (0.00, -291.20)
pos: (0.00, 386.35), vel: (0.00, -277.76)
pos: (0.00, 383.34), vel: (0.00, -270.72)
pos: (0.00, 379.09), vel: (0.00, -260.48)
pos: (0.00, 376.26), vel: (0.00, -253.44)
pos: (0.00, 371.08), vel: (0.00, -240.00)
pos: (0.00, 368.48), vel: (0.00, -232.96)
pos: (0.00, 363.95), vel: (0.00, -220.16)
pos: (0.00, 361.35), vel: (0.00, -212.48)
pos: (0.00, 358.64), vel: (0.00, -204.16)
pos: (0.00, 354.88), vel: (0.00, -192.00)
pos: (0.00, 351.35), vel: (0.00, -179.84)
pos: (0.00, 349.41), vel: (0.00, -172.80)
pos: (0.00, 346.73), vel: (0.00, -162.56)
pos: (0.00, 344.51), vel: (0.00, -153.60)
pos: (0.00, 341.43), vel: (0.00, -140.16)
pos: (0.00, 339.66), vel: (0.00, -131.84)
pos: (0.00, 338.12), vel: (0.00, -124.16)
pos: (0.00, 336.11), vel: (0.00, -113.28)
pos: (0.00, 333.77), vel: (0.00, -99.20)
pos: (0.00, 332.81), vel: (0.00, -92.80)
pos: (0.00, 331.08), vel: (0.00, -80.00)
pos: (0.00, 329.95), vel: (0.00, -70.40)
pos: (0.00, 328.91), vel: (0.00, -60.16)
pos: (0.00, 328.18), vel: (0.00, -51.84)
pos: (0.00, 327.56), vel: (0.00, -43.52)
pos: (0.00, 326.91), vel: (0.00, -32.64)
pos: (0.00, 326.47), vel: (0.00, -22.40)
pos: (0.00, 326.25), vel: (0.00, -14.72)
pos: (0.00, 326.10), vel: (0.00, -4.48)
pos: (0.00, 326.13), vel: (0.00, 7.68)
pos: (0.00, 326.43), vel: (0.00, 21.12)
pos: (0.00, 326.73), vel: (0.00, 28.80)
pos: (0.00, 327.05), vel: (0.00, 35.20)
pos: (0.00, 327.88), vel: (0.00, 48.00)
pos: (0.00, 328.61), vel: (0.00, 56.96)
pos: (0.00, 329.54), vel: (0.00, 66.56)
pos: (0.00, 331.08), vel: (0.00, 80.00)
pos: (0.00, 332.35), vel: (0.00, 89.60)
pos: (0.00, 333.28), vel: (0.00, 96.00)
pos: (0.00, 335.00), vel: (0.00, 106.88)
pos: (0.00, 337.15), vel: (0.00, 119.04)
pos: (0.00, 338.88), vel: (0.00, 128.00)
pos: (0.00, 340.87), vel: (0.00, 137.60)
pos: (0.00, 342.86), vel: (0.00, 146.56)
pos: (0.00, 346.08), vel: (0.00, 160.00)
pos: (0.00, 347.88), vel: (0.00, 167.04)
pos: (0.00, 351.17), vel: (0.00, 179.20)
pos: (0.00, 353.18), vel: (0.00, 186.24)
pos: (0.00, 357.23), vel: (0.00, 199.68)
pos: (0.00, 359.67), vel: (0.00, 207.36)
pos: (0.00, 363.29), vel: (0.00, 218.24)
pos: (0.00, 366.86), vel: (0.00, 228.48)
pos: (0.00, 370.36), vel: (0.00, 238.08)
pos: (0.00, 373.76), vel: (0.00, 247.04)
pos: (0.00, 377.28), vel: (0.00, 256.00)
pos: (0.00, 381.99), vel: (0.00, 267.52)
pos: (0.00, 388.03), vel: (0.00, 281.60)
pos: (0.00, 389.73), vel: (0.00, 285.44)
pos: (0.00, 396.17), vel: (0.00, 299.52)
pos: (0.00, 399.19), vel: (0.00, 305.92)
pos: (0.00, 406.08), vel: (0.00, 320.00)
pos: (0.00, 409.64), vel: (0.00, 327.04)
pos: (0.00, 416.31), vel: (0.00, 339.84)
pos: (0.00, 420.43), vel: (0.00, 347.52)
pos: (0.00, 428.23), vel: (0.00, 361.60)
pos: (0.00, 432.25), vel: (0.00, 368.64)
pos: (0.00, 436.72), vel: (0.00, 376.32)
pos: (0.00, 442.82), vel: (0.00, 386.56)
pos: (0.00, 448.69), vel: (0.00, 396.16)
pos: (0.00, 454.71), vel: (0.00, 405.76)
pos: (0.00, 463.37), vel: (0.00, 419.20)
pos: (0.00, 468.02), vel: (0.00, 426.24)
pos: (0.00, 477.55), vel: (0.00, 440.32)
pos: (0.00, 482.88), vel: (0.00, 448.00)
pos: (0.00, 491.05), vel: (0.00, 459.52)
pos: (0.00, 497.54), vel: (0.00, 468.48)
pos: (0.00, 504.17), vel: (0.00, 477.44)
pos: (0.00, 512.37), vel: (0.00, 488.32)
pos: (0.00, 523.77), vel: (0.00, 503.04)
pos: (0.00, 528.84), vel: (0.00, 509.44)
pos: (0.00, 537.07), vel: (0.00, 519.68)
pos: (0.00, 544.41), vel: (0.00, 528.64)
pos: (0.00, 554.57), vel: (0.00, 540.80)
pos: (0.00, 560.01), vel: (0.00, 547.20)
pos: (0.00, 567.73), vel: (0.00, 556.16)
pos: (0.00, 578.41), vel: (0.00, 568.32)
pos: (0.00, 590.49), vel: (0.00, 581.76)
pos: (0.00, 597.52), vel: (0.00, 589.44)
pos: (0.00, 605.23), vel: (0.00, 597.76)
Crashed into a wall Crashed Y pos: (0.00, 608.00), vel: (0.00, 0.00)
Y locked
pos: (0.00, 608.00), vel: (0.00, 0.00)
Y locked
pos: (0.00, 608.00), vel: (0.00, 0.00)
Y locked
pos: (0.00, 608.00), vel: (0.00, 0.00)
Y locked
pos: (0.00, 608.00), vel: (0.00, 0.00)
Y locked
pos: (0.00, 608.00), vel: (0.00, 0.00)
Y locked
pos: (0.00, 608.00), vel: (0.00, 0.00)
Y locked
pos: (0.00, 608.00), vel: (0.00, 0.00)
Y locked
pos: (0.00, 603.89), vel: (0.00, -311.68)
pos: (0.00, 598.09), vel: (0.00, -299.52)
pos: (0.00, 595.12), vel: (0.00, -293.12)
pos: (0.00, 589.11), vel: (0.00, -279.68)
pos: (0.00, 584.45), vel: (0.00, -268.80)
pos: (0.00, 581.53), vel: (0.00, -261.76)
pos: (0.00, 577.17), vel: (0.00, -250.88)
pos: (0.00, 573.24), vel: (0.00, -240.64)
pos: (0.00, 564.35), vel: (0.00, -550.40)
pos: (0.00, 557.79), vel: (0.00, -542.72)
pos: (0.00, 548.13), vel: (0.00, -531.20)
pos: (0.00, 536.60), vel: (0.00, -517.12)
pos: (0.00, 531.46), vel: (0.00, -510.72)
pos: (0.00, 525.37), vel: (0.00, -503.04)
pos: (0.00, 517.41), vel: (0.00, -492.80)
pos: (0.00, 507.20), vel: (0.00, -479.36)
pos: (0.00, 501.97), vel: (0.00, -472.32)
pos: (0.00, 492.65), vel: (0.00, -459.52)
pos: (0.00, 487.63), vel: (0.00, -452.48)
pos: (0.00, 481.36), vel: (0.00, -443.52)
pos: (0.00, 473.05), vel: (0.00, -431.36)
pos: (0.00, 465.39), vel: (0.00, -419.84)
pos: (0.00, 459.16), vel: (0.00, -410.24)
pos: (0.00, 454.69), vel: (0.00, -403.20)
pos: (0.00, 447.93), vel: (0.00, -392.32)
pos: (0.00, 440.21), vel: (0.00, -379.52)
pos: (0.00, 436.44), vel: (0.00, -373.12)
pos: (0.00, 428.39), vel: (0.00, -359.04)
pos: (0.00, 424.83), vel: (0.00, -352.64)
pos: (0.00, 417.57), vel: (0.00, -339.20)
pos: (0.00, 413.88), vel: (0.00, -332.16)
pos: (0.00, 406.41), vel: (0.00, -317.44)
pos: (0.00, 403.57), vel: (0.00, -311.68)
pos: (0.00, 399.27), vel: (0.00, -302.72)
pos: (0.00, 393.93), vel: (0.00, -291.20)
pos: (0.00, 388.51), vel: (0.00, -279.04)
pos: (0.00, 385.48), vel: (0.00, -272.00)
pos: (0.00, 381.47), vel: (0.00, -262.40)
pos: (0.00, 376.85), vel: (0.00, -250.88)
pos: (0.00, 371.49), vel: (0.00, -236.80)
pos: (0.00, 369.85), vel: (0.00, -232.32)
pos: (0.00, 365.11), vel: (0.00, -218.88)
pos: (0.00, 363.16), vel: (0.00, -213.12)
pos: (0.00, 360.04), vel: (0.00, -203.52)
pos: (0.00, 356.67), vel: (0.00, -192.64)
pos: (0.00, 353.67), vel: (0.00, -182.40)
pos: (0.00, 350.84), vel: (0.00, -172.16)
pos: (0.00, 347.20), vel: (0.00, -158.08)
pos: (0.00, 345.50), vel: (0.00, -151.04)
pos: (0.00, 342.89), vel: (0.00, -139.52)
pos: (0.00, 341.52), vel: (0.00, -133.12)
pos: (0.00, 339.60), vel: (0.00, -123.52)
pos: (0.00, 337.37), vel: (0.00, -111.36)
pos: (0.00, 335.07), vel: (0.00, -97.28)
pos: (0.00, 334.50), vel: (0.00, -93.44)
pos: (0.00, 332.76), vel: (0.00, -80.64)
pos: (0.00, 331.91), vel: (0.00, -73.60)
pos: (0.00, 330.57), vel: (0.00, -60.80)
pos: (0.00, 329.88), vel: (0.00, -53.12)
pos: (0.00, 328.91), vel: (0.00, -39.68)
pos: (0.00, 328.55), vel: (0.00, -33.28)
pos: (0.00, 327.99), vel: (0.00, -19.84)
pos: (0.00, 327.81), vel: (0.00, -12.80)
pos: (0.00, 327.69), vel: (0.00, -3.20)
pos: (0.00, 327.73), vel: (0.00, 8.32)
pos: (0.00, 328.05), vel: (0.00, 21.76)
pos: (0.00, 328.30), vel: (0.00, 28.16)
pos: (0.00, 329.03), vel: (0.00, 41.60)
pos: (0.00, 329.48), vel: (0.00, 48.00)
pos: (0.00, 330.63), vel: (0.00, 61.44)
pos: (0.00, 331.41), vel: (0.00, 69.12)
pos: (0.00, 332.68), vel: (0.00, 80.00)
pos: (0.00, 333.69), vel: (0.00, 87.68)
pos: (0.00, 335.57), vel: (0.00, 100.48)
pos: (0.00, 336.93), vel: (0.00, 108.80)
pos: (0.00, 339.11), vel: (0.00, 120.96)
pos: (0.00, 340.23), vel: (0.00, 126.72)
pos: (0.00, 342.47), vel: (0.00, 137.60)
pos: (0.00, 344.61), vel: (0.00, 147.20)
pos: (0.00, 347.84), vel: (0.00, 160.64)
pos: (0.00, 349.98), vel: (0.00, 168.96)
pos: (0.00, 353.49), vel: (0.00, 181.76)
pos: (0.00, 355.15), vel: (0.00, 187.52)
pos: (0.00, 359.23), vel: (0.00, 200.96)
pos: (0.00, 361.07), vel: (0.00, 206.72)
pos: (0.00, 365.33), vel: (0.00, 219.52)
pos: (0.00, 368.24), vel: (0.00, 227.84)
pos: (0.00, 373.40), vel: (0.00, 241.92)
pos: (0.00, 376.10), vel: (0.00, 248.96)
pos: (0.00, 379.39), vel: (0.00, 257.28)
pos: (0.00, 383.32), vel: (0.00, 266.88)
pos: (0.00, 388.23), vel: (0.00, 278.40)
pos: (0.00, 392.48), vel: (0.00, 288.00)
pos: (0.00, 398.67), vel: (0.00, 301.44)
pos: (0.00, 402.02), vel: (0.00, 308.48)
pos: (0.00, 408.97), vel: (0.00, 322.56)
pos: (0.00, 412.55), vel: (0.00, 329.60)
pos: (0.00, 418.93), vel: (0.00, 341.76)
pos: (0.00, 423.43), vel: (0.00, 350.08)
pos: (0.00, 430.19), vel: (0.00, 362.24)
pos: (0.00, 434.96), vel: (0.00, 370.56)
pos: (0.00, 441.35), vel: (0.00, 381.44)
pos: (0.00, 445.58), vel: (0.00, 388.48)
pos: (0.00, 453.88), vel: (0.00, 401.92)
pos: (0.00, 458.34), vel: (0.00, 408.96)
pos: (0.00, 467.49), vel: (0.00, 423.04)
pos: (0.00, 472.19), vel: (0.00, 430.08)
pos: (0.00, 480.92), vel: (0.00, 442.88)
pos: (0.00, 485.83), vel: (0.00, 449.92)
pos: (0.00, 494.95), vel: (0.00, 462.72)
pos: (0.00, 502.91), vel: (0.00, 473.60)
pos: (0.00, 511.06), vel: (0.00, 484.48)
pos: (0.00, 516.42), vel: (0.00, 491.52)
pos: (0.00, 524.37), vel: (0.00, 501.76)
pos: (0.00, 529.42), vel: (0.00, 508.16)
pos: (0.00, 540.75), vel: (0.00, 522.24)
pos: (0.00, 544.95), vel: (0.00, 527.36)
pos: (0.00, 554.55), vel: (0.00, 538.88)
pos: (0.00, 561.06), vel: (0.00, 546.56)
pos: (0.00, 572.68), vel: (0.00, 560.00)
pos: (0.00, 578.88), vel: (0.00, 567.04)
pos: (0.00, 590.93), vel: (0.00, 580.48)
pos: (0.00, 597.94), vel: (0.00, 588.16)
Crashed into a wall Crashed Y pos: (0.00, 608.00), vel: (0.00, 0.00)
Y locked
pos: (0.00, 608.00), vel: (0.00, 0.00)
Y locked
pos: (0.00, 608.00), vel: (0.00, 0.00)
Y locked
pos: (0.00, 608.00), vel: (0.00, 0.00)
Y locked
pos: (0.00, 608.00), vel: (0.00, 0.00)
Y locked
pos: (0.00, 608.00), vel: (0.00, 0.00)
Y locked
pos: (0.00, 608.00), vel: (0.00, 0.00)
Y locked
pos: (0.00, 608.00), vel: (0.00, 0.00)
Y locked
pos: (0.00, 608.00), vel: (0.00, 0.00)
Y locked
pos: (0.00, 608.00), vel: (0.00, 0.00)
Y locked
pos: (0.00, 608.00), vel: (0.00, 0.00)
Y locked
pos: (0.00, 608.00), vel: (0.00, 0.00)
Y locked
pos: (0.00, 608.00), vel: (0.00, 0.00)
Y locked
pos: (0.00, 608.00), vel: (0.00, 0.00)
Y locked
pos: (0.00, 604.21), vel: (0.00, -312.32)
pos: (0.00, 598.39), vel: (0.00, -300.16)
pos: (0.00, 593.38), vel: (0.00, -289.28)
pos: (0.00, 589.39), vel: (0.00, -280.32)
pos: (0.00, 583.11), vel: (0.00, -265.60)
pos: (0.00, 581.01), vel: (0.00, -260.48)
pos: (0.00, 577.68), vel: (0.00, -252.16)
pos: (0.00, 573.48), vel: (0.00, -241.28)
pos: (0.00, 564.58), vel: (0.00, -551.04)
pos: (0.00, 556.93), vel: (0.00, -542.08)
pos: (0.00, 545.69), vel: (0.00, -528.64)
pos: (0.00, 530.12), vel: (0.00, -509.44)
pos: (0.00, 526.06), vel: (0.00, -504.32)
pos: (0.00, 522.05), vel: (0.00, -499.20)
pos: (0.00, 513.17), vel: (0.00, -487.68)
pos: (0.00, 507.36), vel: (0.00, -480.00)
pos: (0.00, 500.23), vel: (0.00, -470.40)
pos: (0.00, 494.63), vel: (0.00, -462.72)
pos: (0.00, 486.41), vel: (0.00, -451.20)
pos: (0.00, 479.71), vel: (0.00, -441.60)
pos: (0.00, 470.15), vel: (0.00, -427.52)
pos: (0.00, 466.75), vel: (0.00, -422.40)
pos: (0.00, 457.61), vel: (0.00, -408.32)
pos: (0.00, 452.76), vel: (0.00, -400.64)
pos: (0.00, 444.10), vel: (0.00, -386.56)
pos: (0.00, 439.89), vel: (0.00, -379.52)
pos: (0.00, 432.06), vel: (0.00, -366.08)
pos: (0.00, 429.15), vel: (0.00, -360.96)
pos: (0.00, 422.41), vel: (0.00, -348.80)
pos: (0.00, 418.95), vel: (0.00, -342.40)
pos: (0.00, 412.56), vel: (0.00, -330.24)
pos: (0.00, 408.65), vel: (0.00, -322.56)
pos: (0.00, 403.57), vel: (0.00, -312.32)
pos: (0.00, 398.95), vel: (0.00, -302.72)
pos: (0.00, 393.03), vel: (0.00, -289.92)
pos: (0.00, 389.03), vel: (0.00, -280.96)
pos: (0.00, 383.00), vel: (0.00, -266.88)
pos: (0.00, 379.85), vel: (0.00, -259.20)
pos: (0.00, 376.53), vel: (0.00, -250.88)
pos: (0.00, 372.84), vel: (0.00, -241.28)
pos: (0.00, 369.29), vel: (0.00, -231.68)
pos: (0.00, 364.79), vel: (0.00, -218.88)
pos: (0.00, 362.00), vel: (0.00, -210.56)
pos: (0.00, 358.91), vel: (0.00, -200.96)
pos: (0.00, 355.02), vel: (0.00, -188.16)
pos: (0.00, 352.99), vel: (0.00, -181.12)
pos: (0.00, 349.33), vel: (0.00, -167.68)
pos: (0.00, 347.36), vel: (0.00, -160.00)
pos: (0.00, 345.33), vel: (0.00, -151.68)
pos: (0.00, 343.13), vel: (0.00, -142.08)
pos: (0.00, 341.07), vel: (0.00, -132.48)
pos: (0.00, 338.67), vel: (0.00, -120.32)
pos: (0.00, 336.61), vel: (0.00, -108.80)
pos: (0.00, 335.45), vel: (0.00, -101.76)
pos: (0.00, 333.45), vel: (0.00, -88.32)
pos: (0.00, 332.20), vel: (0.00, -78.72)
pos: (0.00, 330.96), vel: (0.00, -67.84)
pos: (0.00, 330.13), vel: (0.00, -59.52)
pos: (0.00, 329.11), vel: (0.00, -47.36)
pos: (0.00, 328.63), vel: (0.00, -40.32)
pos: (0.00, 327.92), vel: (0.00, -26.88)
pos: (0.00, 327.65), vel: (0.00, -19.20)
pos: (0.00, 327.48), vel: (0.00, -12.16)
pos: (0.00, 327.36), vel: (0.00, -1.92)
pos: (0.00, 327.44), vel: (0.00, 10.24)
pos: (0.00, 327.65), vel: (0.00, 19.20)
pos: (0.00, 328.04), vel: (0.00, 29.44)
pos: (0.00, 328.59), vel: (0.00, 39.68)
pos: (0.00, 329.16), vel: (0.00, 48.00)
pos: (0.00, 330.01), vel: (0.00, 58.24)
pos: (0.00, 331.02), vel: (0.00, 68.48)
pos: (0.00, 332.36), vel: (0.00, 80.00)
pos: (0.00, 334.09), vel: (0.00, 92.80)
pos: (0.00, 334.95), vel: (0.00, 98.56)
pos: (0.00, 336.39), vel: (0.00, 107.52)
pos: (0.00, 338.91), vel: (0.00, 121.60)
pos: (0.00, 341.34), vel: (0.00, 133.76)
pos: (0.00, 342.71), vel: (0.00, 140.16)
pos: (0.00, 345.33), vel: (0.00, 151.68)
pos: (0.00, 347.36), vel: (0.00, 160.00)
pos: (0.00, 349.66), vel: (0.00, 168.96)
pos: (0.00, 352.81), vel: (0.00, 180.48)
pos: (0.00, 355.02), vel: (0.00, 188.16)
pos: (0.00, 358.31), vel: (0.00, 199.04)
pos: (0.00, 361.58), vel: (0.00, 209.28)
pos: (0.00, 364.57), vel: (0.00, 218.24)
pos: (0.00, 369.06), vel: (0.00, 231.04)
pos: (0.00, 371.64), vel: (0.00, 238.08)
pos: (0.00, 377.04), vel: (0.00, 252.16)
pos: (0.00, 379.59), vel: (0.00, 258.56)
pos: (0.00, 385.16), vel: (0.00, 272.00)
pos: (0.00, 388.47), vel: (0.00, 279.68)
pos: (0.00, 392.74), vel: (0.00, 289.28)
pos: (0.00, 397.75), vel: (0.00, 300.16)
pos: (0.00, 404.19), vel: (0.00, 313.60)
pos: (0.00, 408.00), vel: (0.00, 321.28)
pos: (0.00, 411.90), vel: (0.00, 328.96)
pos: (0.00, 417.25), vel: (0.00, 339.20)
pos: (0.00, 422.76), vel: (0.00, 349.44)
pos: (0.00, 428.43), vel: (0.00, 359.68)
pos: (0.00, 433.16), vel: (0.00, 368.00)
pos: (0.00, 439.13), vel: (0.00, 378.24)
pos: (0.00, 447.21), vel: (0.00, 391.68)
pos: (0.00, 451.96), vel: (0.00, 399.36)
pos: (0.00, 460.90), vel: (0.00, 413.44)
pos: (0.00, 465.91), vel: (0.00, 421.12)
pos: (0.00, 471.87), vel: (0.00, 430.08)
pos: (0.00, 478.39), vel: (0.00, 439.68)
pos: (0.00, 486.86), vel: (0.00, 451.84)
pos: (0.00, 492.33), vel: (0.00, 459.52)
pos: (0.00, 498.82), vel: (0.00, 468.48)
pos: (0.00, 507.84), vel: (0.00, 480.64)
pos: (0.00, 514.63), vel: (0.00, 489.60)
pos: (0.00, 523.05), vel: (0.00, 500.48)
pos: (0.00, 533.70), vel: (0.00, 513.92)
pos: (0.00, 537.31), vel: (0.00, 518.40)
pos: (0.00, 545.16), vel: (0.00, 528.00)
pos: (0.00, 554.77), vel: (0.00, 539.52)
pos: (0.00, 562.38), vel: (0.00, 548.48)
pos: (0.00, 572.36), vel: (0.00, 560.00)
pos: (0.00, 581.40), vel: (0.00, 570.24)
pos: (0.00, 590.03), vel: (0.00, 579.84)
pos: (0.00, 600.57), vel: (0.00, 591.36)
Crashed into a wall Crashed Y pos: (0.00, 608.00), vel: (0.00, 0.00)
Y locked
pos: (0.00, 608.00), vel: (0.00, 0.00)
Y locked
pos: (0.00, 608.00), vel: (0.00, 0.00)
Y locked
pos: (0.00, 608.00), vel: (0.00, 0.00)
Y locked
pos: (0.00, 608.00), vel: (0.00, 0.00)
Y locked
pos: (0.00, 608.00), vel: (0.00, 0.00)
Y locked
pos: (0.00, 608.00), vel: (0.00, 0.00)
Y locked
pos: (0.00, 608.00), vel: (0.00, 0.00)
Y locked
pos: (0.00, 608.00), vel: (0.00, 0.00)
Y locked
pos: (0.00, 608.00), vel: (0.00, 0.00)
Y locked
pos: (0.00, 608.00), vel: (0.00, 0.00)
Y locked
pos: (0.00, 608.00), vel: (0.00, 0.00)
Y locked
pos: (0.00, 608.00), vel: (0.00, 0.00)
Y locked
pos: (0.00, 608.00), vel: (0.00, 0.00)
Y locked
pos: (0.00, 608.00), vel: (0.00, 0.00)
Y locked
pos: (0.00, 608.00), vel: (0.00, 0.00)
Y locked
pos: (0.00, 608.00), vel: (0.00, 0.00)
Y locked
pos: (0.00, 608.00), vel: (0.00, 0.00)
Y locked
pos: (0.00, 608.00), vel: (0.00, 0.00)
Y locked
pos: (0.00, 608.00), vel: (0.00, 0.00)
Y locked
pos: (0.00, 608.00), vel: (0.00, 0.00)
Y locked
pos: (0.00, 608.00), vel: (0.00, 0.00)
Y locked
pos: (0.00, 608.00), vel: (0.00, 0.00)
Y locked
pos: (0.00, 608.00), vel: (0.00, 0.00)
Y locked
pos: (0.00, 608.00), vel: (0.00, 0.00)
Y locked
pos: (0.00, 608.00), vel: (0.00, 0.00)
Y locked
pos: (0.00, 608.00), vel: (0.00, 0.00)
Y locked
pos: (0.00, 608.00), vel: (0.00, 0.00)
Y locked
pos: (0.00, 608.00), vel: (0.00, 0.00)
Y locked
pos: (0.00, 608.00), vel: (0.00, 0.00)
Y locked
